<?xml version="1.0" encoding="UTF-8"?>
<!-- Generated by org.testng.reporters.JUnitReportReporter -->
<testsuite skipped="0" hostname="DESKTOP-ADGCHK6" name="com.ebanking.master.Pomexe" tests="1" failures="0" timestamp="2022-09-29T17:21:14 IST" time="55.119" errors="0">
  <testcase name="Rolecr" time="55.119" classname="com.ebanking.master.Pomexe"/>
  <system-out/>
</testsuite> <!-- com.ebanking.master.Pomexe -->
