<?xml version="1.0" encoding="UTF-8"?>
<!-- Generated by org.testng.reporters.JUnitReportReporter -->
<testsuite skipped="0" hostname="DESKTOP-ADGCHK6" name="com.ebanking.master.Grid" tests="2" failures="0" timestamp="2022-10-06T17:56:14 IST" time="59.898" errors="0">
  <testcase name="Gd" time="28.586" classname="com.ebanking.master.Grid"/>
  <system-out/>
  <testcase name="Gd" time="31.312" classname="com.ebanking.master.Grid"/>
  <system-out/>
</testsuite> <!-- com.ebanking.master.Grid -->
