<?xml version="1.0" encoding="UTF-8"?>
<!-- Generated by org.testng.reporters.JUnitReportReporter -->
<testsuite skipped="0" hostname="DESKTOP-ADGCHK6" name="com.ebanking.scripts.SampleNG" tests="2" failures="0" timestamp="2022-09-22T17:29:56 IST" time="28.184" errors="0">
  <testcase name="bcd" time="14.195" classname="com.ebanking.scripts.SampleNG"/>
  <system-out/>
  <testcase name="abc" time="13.989" classname="com.ebanking.scripts.SampleNG"/>
  <system-out/>
</testsuite> <!-- com.ebanking.scripts.SampleNG -->
