<?xml version="1.0" encoding="UTF-8"?>
<!-- Generated by org.testng.reporters.JUnitReportReporter -->
<testsuite skipped="0" hostname="DESKTOP-ADGCHK6" name="com.ebanking.master.RoleNG" tests="3" failures="0" timestamp="2022-09-27T17:21:20 IST" time="3.473" errors="0">
  <testcase name="Rol" time="1.107" classname="com.ebanking.master.RoleNG"/>
  <system-out/>
  <testcase name="Rol" time="1.170" classname="com.ebanking.master.RoleNG"/>
  <system-out/>
  <testcase name="Rol" time="1.196" classname="com.ebanking.master.RoleNG"/>
  <system-out/>
</testsuite> <!-- com.ebanking.master.RoleNG -->
